<?xml version="1.0" encoding="UTF-8"?>
<!-- Generated by org.testng.reporters.JUnitXMLReporter -->
<testsuite ignored="0" hostname="MacBookAir.lan" failures="1" tests="1" name="GoogleTest" time="2.691" errors="0" timestamp="2026-08-03T17:11:37 IST">
  <testcase classname="com.example.GoogleTest" name="googlePageLoads" time="0.994">
    <failure type="java.lang.AssertionError" message="Page title does not contain &amp;apos;sauce demo&amp;apos; expected [true] but found [false]">
      <![CDATA[java.lang.AssertionError: Page title does not contain 'sauce demo' expected [true] but found [false]
at com.example.GoogleTest.googlePageLoads(GoogleTest.java:22)
at java.base/java.util.ArrayList.forEach(ArrayList.java:1612)
... Removed 32 stack frames]]>
    </failure>
  </testcase> <!-- googlePageLoads -->
</testsuite> <!-- GoogleTest -->
